{"/Users/romanshprenger/Documents/Yengo/UIKit/src/components/Button/Button.js": {"path":"/Users/romanshprenger/Documents/Yengo/UIKit/src/components/Button/Button.js","statementMap":{"0":{"start":{"line":8,"column":0},"end":{"line":8,"column":42}},"1":{"start":{"line":11,"column":21},"end":{"line":28,"column":3}},"2":{"start":{"line":30,"column":24},"end":{"line":47,"column":3}},"3":{"start":{"line":49,"column":10},"end":{"line":52,"column":3}},"4":{"start":{"line":55,"column":25},"end":{"line":55,"column":30}},"5":{"start":{"line":57,"column":4},"end":{"line":59,"column":5}},"6":{"start":{"line":58,"column":6},"end":{"line":58,"column":48}},"7":{"start":{"line":61,"column":4},"end":{"line":61,"column":16}},"8":{"start":{"line":64,"column":21},"end":{"line":74,"column":3}},"9":{"start":{"line":65,"column":39},"end":{"line":65,"column":49}},"10":{"start":{"line":67,"column":4},"end":{"line":69,"column":5}},"11":{"start":{"line":68,"column":6},"end":{"line":68,"column":19}},"12":{"start":{"line":71,"column":4},"end":{"line":71,"column":37}},"13":{"start":{"line":73,"column":4},"end":{"line":73,"column":27}},"14":{"start":{"line":76,"column":21},"end":{"line":86,"column":3}},"15":{"start":{"line":77,"column":39},"end":{"line":77,"column":49}},"16":{"start":{"line":79,"column":4},"end":{"line":81,"column":5}},"17":{"start":{"line":80,"column":6},"end":{"line":80,"column":19}},"18":{"start":{"line":83,"column":4},"end":{"line":83,"column":54}},"19":{"start":{"line":85,"column":4},"end":{"line":85,"column":27}},"20":{"start":{"line":88,"column":20},"end":{"line":102,"column":3}},"21":{"start":{"line":89,"column":47},"end":{"line":89,"column":57}},"22":{"start":{"line":91,"column":4},"end":{"line":93,"column":5}},"23":{"start":{"line":92,"column":6},"end":{"line":92,"column":19}},"24":{"start":{"line":95,"column":4},"end":{"line":95,"column":37}},"25":{"start":{"line":97,"column":4},"end":{"line":99,"column":5}},"26":{"start":{"line":98,"column":6},"end":{"line":98,"column":70}},"27":{"start":{"line":98,"column":23},"end":{"line":98,"column":65}},"28":{"start":{"line":101,"column":4},"end":{"line":101,"column":26}},"29":{"start":{"line":104,"column":18},"end":{"line":114,"column":3}},"30":{"start":{"line":105,"column":36},"end":{"line":105,"column":46}},"31":{"start":{"line":107,"column":4},"end":{"line":109,"column":5}},"32":{"start":{"line":108,"column":6},"end":{"line":108,"column":19}},"33":{"start":{"line":111,"column":4},"end":{"line":111,"column":38}},"34":{"start":{"line":113,"column":4},"end":{"line":113,"column":24}},"35":{"start":{"line":116,"column":16},"end":{"line":124,"column":3}},"36":{"start":{"line":117,"column":34},"end":{"line":117,"column":44}},"37":{"start":{"line":119,"column":4},"end":{"line":121,"column":5}},"38":{"start":{"line":120,"column":6},"end":{"line":120,"column":19}},"39":{"start":{"line":123,"column":4},"end":{"line":123,"column":22}},"40":{"start":{"line":126,"column":8},"end":{"line":126,"column":35}},"41":{"start":{"line":126,"column":17},"end":{"line":126,"column":35}},"42":{"start":{"line":129,"column":33},"end":{"line":129,"column":43}},"43":{"start":{"line":143,"column":8},"end":{"line":143,"column":18}},"44":{"start":{"line":145,"column":28},"end":{"line":158,"column":5}},"45":{"start":{"line":160,"column":4},"end":{"line":176,"column":6}}},"fnMap":{"0":{"name":"(anonymous_0)","decl":{"start":{"line":54,"column":2},"end":{"line":54,"column":3}},"loc":{"start":{"line":54,"column":41},"end":{"line":62,"column":3}},"line":54},"1":{"name":"(anonymous_1)","decl":{"start":{"line":64,"column":21},"end":{"line":64,"column":22}},"loc":{"start":{"line":64,"column":28},"end":{"line":74,"column":3}},"line":64},"2":{"name":"(anonymous_2)","decl":{"start":{"line":76,"column":21},"end":{"line":76,"column":22}},"loc":{"start":{"line":76,"column":28},"end":{"line":86,"column":3}},"line":76},"3":{"name":"(anonymous_3)","decl":{"start":{"line":88,"column":20},"end":{"line":88,"column":21}},"loc":{"start":{"line":88,"column":27},"end":{"line":102,"column":3}},"line":88},"4":{"name":"(anonymous_4)","decl":{"start":{"line":98,"column":17},"end":{"line":98,"column":18}},"loc":{"start":{"line":98,"column":23},"end":{"line":98,"column":65}},"line":98},"5":{"name":"(anonymous_5)","decl":{"start":{"line":104,"column":18},"end":{"line":104,"column":19}},"loc":{"start":{"line":104,"column":25},"end":{"line":114,"column":3}},"line":104},"6":{"name":"(anonymous_6)","decl":{"start":{"line":116,"column":16},"end":{"line":116,"column":17}},"loc":{"start":{"line":116,"column":23},"end":{"line":124,"column":3}},"line":116},"7":{"name":"(anonymous_7)","decl":{"start":{"line":126,"column":8},"end":{"line":126,"column":9}},"loc":{"start":{"line":126,"column":17},"end":{"line":126,"column":35}},"line":126},"8":{"name":"(anonymous_8)","decl":{"start":{"line":128,"column":2},"end":{"line":128,"column":3}},"loc":{"start":{"line":128,"column":11},"end":{"line":177,"column":3}},"line":128}},"branchMap":{"0":{"loc":{"start":{"line":57,"column":4},"end":{"line":59,"column":5}},"type":"if","locations":[{"start":{"line":57,"column":4},"end":{"line":59,"column":5}},{"start":{"line":57,"column":4},"end":{"line":59,"column":5}}],"line":57},"1":{"loc":{"start":{"line":67,"column":4},"end":{"line":69,"column":5}},"type":"if","locations":[{"start":{"line":67,"column":4},"end":{"line":69,"column":5}},{"start":{"line":67,"column":4},"end":{"line":69,"column":5}}],"line":67},"2":{"loc":{"start":{"line":79,"column":4},"end":{"line":81,"column":5}},"type":"if","locations":[{"start":{"line":79,"column":4},"end":{"line":81,"column":5}},{"start":{"line":79,"column":4},"end":{"line":81,"column":5}}],"line":79},"3":{"loc":{"start":{"line":91,"column":4},"end":{"line":93,"column":5}},"type":"if","locations":[{"start":{"line":91,"column":4},"end":{"line":93,"column":5}},{"start":{"line":91,"column":4},"end":{"line":93,"column":5}}],"line":91},"4":{"loc":{"start":{"line":97,"column":4},"end":{"line":99,"column":5}},"type":"if","locations":[{"start":{"line":97,"column":4},"end":{"line":99,"column":5}},{"start":{"line":97,"column":4},"end":{"line":99,"column":5}}],"line":97},"5":{"loc":{"start":{"line":98,"column":23},"end":{"line":98,"column":65}},"type":"binary-expr","locations":[{"start":{"line":98,"column":23},"end":{"line":98,"column":52}},{"start":{"line":98,"column":56},"end":{"line":98,"column":65}}],"line":98},"6":{"loc":{"start":{"line":107,"column":4},"end":{"line":109,"column":5}},"type":"if","locations":[{"start":{"line":107,"column":4},"end":{"line":109,"column":5}},{"start":{"line":107,"column":4},"end":{"line":109,"column":5}}],"line":107},"7":{"loc":{"start":{"line":119,"column":4},"end":{"line":121,"column":5}},"type":"if","locations":[{"start":{"line":119,"column":4},"end":{"line":121,"column":5}},{"start":{"line":119,"column":4},"end":{"line":121,"column":5}}],"line":119},"8":{"loc":{"start":{"line":153,"column":39},"end":{"line":153,"column":58}},"type":"binary-expr","locations":[{"start":{"line":153,"column":39},"end":{"line":153,"column":46}},{"start":{"line":153,"column":50},"end":{"line":153,"column":58}}],"line":153},"9":{"loc":{"start":{"line":154,"column":46},"end":{"line":154,"column":64}},"type":"binary-expr","locations":[{"start":{"line":154,"column":46},"end":{"line":154,"column":53}},{"start":{"line":154,"column":57},"end":{"line":154,"column":64}}],"line":154},"10":{"loc":{"start":{"line":169,"column":16},"end":{"line":169,"column":52}},"type":"cond-expr","locations":[{"start":{"line":169,"column":41},"end":{"line":169,"column":45}},{"start":{"line":169,"column":48},"end":{"line":169,"column":52}}],"line":169}},"s":{"0":2,"1":2,"2":2,"3":30,"4":70,"5":70,"6":10,"7":60,"8":30,"9":4,"10":4,"11":0,"12":4,"13":4,"14":30,"15":0,"16":0,"17":0,"18":0,"19":0,"20":30,"21":2,"22":2,"23":0,"24":2,"25":2,"26":2,"27":0,"28":2,"29":30,"30":0,"31":0,"32":0,"33":0,"34":0,"35":30,"36":0,"37":0,"38":0,"39":0,"40":30,"41":0,"42":40,"43":40,"44":40,"45":40},"f":{"0":70,"1":4,"2":0,"3":2,"4":0,"5":0,"6":0,"7":0,"8":40},"b":{"0":[10,60],"1":[0,4],"2":[0,0],"3":[0,2],"4":[2,0],"5":[0,0],"6":[0,0],"7":[0,0],"8":[40,4],"9":[40,4],"10":[40,0]},"_coverageSchema":"1a1c01bbd47fc00a2c39e90264f33305004495a9","hash":"81894840779a0c12acd5d3da773fc565c7987f1d"}
,"/Users/romanshprenger/Documents/Yengo/UIKit/src/hocs/index.js": {"path":"/Users/romanshprenger/Documents/Yengo/UIKit/src/hocs/index.js","statementMap":{},"fnMap":{},"branchMap":{},"s":{},"f":{},"b":{},"_coverageSchema":"1a1c01bbd47fc00a2c39e90264f33305004495a9","hash":"66f3b015408e1616a2b49a65461ce358883b8a28"}
,"/Users/romanshprenger/Documents/Yengo/UIKit/src/hocs/withCheckedState.js": {"path":"/Users/romanshprenger/Documents/Yengo/UIKit/src/hocs/withCheckedState.js","statementMap":{"0":{"start":{"line":5,"column":30},"end":{"line":34,"column":12}},"1":{"start":{"line":9,"column":25},"end":{"line":17,"column":5}},"2":{"start":{"line":10,"column":27},"end":{"line":10,"column":32}},"3":{"start":{"line":12,"column":6},"end":{"line":14,"column":7}},"4":{"start":{"line":13,"column":8},"end":{"line":13,"column":35}},"5":{"start":{"line":16,"column":6},"end":{"line":16,"column":45}},"6":{"start":{"line":21,"column":36},"end":{"line":21,"column":46}},"7":{"start":{"line":23,"column":6},"end":{"line":25,"column":7}},"8":{"start":{"line":24,"column":8},"end":{"line":24,"column":26}},"9":{"start":{"line":28,"column":43},"end":{"line":28,"column":53}},"10":{"start":{"line":30,"column":6},"end":{"line":30,"column":33}}},"fnMap":{"0":{"name":"(anonymous_0)","decl":{"start":{"line":5,"column":15},"end":{"line":5,"column":16}},"loc":{"start":{"line":5,"column":30},"end":{"line":34,"column":12}},"line":5},"1":{"name":"(anonymous_1)","decl":{"start":{"line":9,"column":14},"end":{"line":9,"column":15}},"loc":{"start":{"line":9,"column":25},"end":{"line":17,"column":5}},"line":9},"2":{"name":"(anonymous_2)","decl":{"start":{"line":9,"column":25},"end":{"line":9,"column":26}},"loc":{"start":{"line":9,"column":46},"end":{"line":17,"column":5}},"line":9},"3":{"name":"(anonymous_3)","decl":{"start":{"line":20,"column":4},"end":{"line":20,"column":5}},"loc":{"start":{"line":20,"column":34},"end":{"line":26,"column":5}},"line":20},"4":{"name":"(anonymous_4)","decl":{"start":{"line":27,"column":4},"end":{"line":27,"column":5}},"loc":{"start":{"line":27,"column":24},"end":{"line":31,"column":5}},"line":27}},"branchMap":{"0":{"loc":{"start":{"line":12,"column":6},"end":{"line":14,"column":7}},"type":"if","locations":[{"start":{"line":12,"column":6},"end":{"line":14,"column":7}},{"start":{"line":12,"column":6},"end":{"line":14,"column":7}}],"line":12},"1":{"loc":{"start":{"line":23,"column":6},"end":{"line":25,"column":7}},"type":"if","locations":[{"start":{"line":23,"column":6},"end":{"line":25,"column":7}},{"start":{"line":23,"column":6},"end":{"line":25,"column":7}}],"line":23},"2":{"loc":{"start":{"line":30,"column":15},"end":{"line":30,"column":31}},"type":"binary-expr","locations":[{"start":{"line":30,"column":15},"end":{"line":30,"column":22}},{"start":{"line":30,"column":26},"end":{"line":30,"column":31}}],"line":30}},"s":{"0":0,"1":0,"2":0,"3":0,"4":0,"5":0,"6":0,"7":0,"8":0,"9":0,"10":0},"f":{"0":0,"1":0,"2":0,"3":0,"4":0},"b":{"0":[0,0],"1":[0,0],"2":[0,0]},"_coverageSchema":"1a1c01bbd47fc00a2c39e90264f33305004495a9","hash":"2ade44bc925d1695287bf0ab6c557625a1767fe3"}
,"/Users/romanshprenger/Documents/Yengo/UIKit/src/hocs/withCounter.js": {"path":"/Users/romanshprenger/Documents/Yengo/UIKit/src/hocs/withCounter.js","statementMap":{"0":{"start":{"line":5,"column":30},"end":{"line":32,"column":12}},"1":{"start":{"line":7,"column":52},"end":{"line":7,"column":69}},"2":{"start":{"line":9,"column":25},"end":{"line":19,"column":5}},"3":{"start":{"line":10,"column":49},"end":{"line":10,"column":54}},"4":{"start":{"line":12,"column":6},"end":{"line":16,"column":7}},"5":{"start":{"line":13,"column":24},"end":{"line":13,"column":59}},"6":{"start":{"line":15,"column":8},"end":{"line":15,"column":65}},"7":{"start":{"line":18,"column":6},"end":{"line":18,"column":45}},"8":{"start":{"line":23,"column":70},"end":{"line":23,"column":80}},"9":{"start":{"line":25,"column":6},"end":{"line":28,"column":7}},"10":{"start":{"line":26,"column":27},"end":{"line":26,"column":54}},"11":{"start":{"line":27,"column":8},"end":{"line":27,"column":68}}},"fnMap":{"0":{"name":"(anonymous_0)","decl":{"start":{"line":5,"column":15},"end":{"line":5,"column":16}},"loc":{"start":{"line":5,"column":30},"end":{"line":32,"column":12}},"line":5},"1":{"name":"(anonymous_1)","decl":{"start":{"line":7,"column":41},"end":{"line":7,"column":42}},"loc":{"start":{"line":7,"column":52},"end":{"line":7,"column":69}},"line":7},"2":{"name":"(anonymous_2)","decl":{"start":{"line":9,"column":14},"end":{"line":9,"column":15}},"loc":{"start":{"line":9,"column":25},"end":{"line":19,"column":5}},"line":9},"3":{"name":"(anonymous_3)","decl":{"start":{"line":9,"column":25},"end":{"line":9,"column":26}},"loc":{"start":{"line":9,"column":46},"end":{"line":19,"column":5}},"line":9},"4":{"name":"(anonymous_4)","decl":{"start":{"line":22,"column":4},"end":{"line":22,"column":5}},"loc":{"start":{"line":22,"column":24},"end":{"line":29,"column":5}},"line":22}},"branchMap":{"0":{"loc":{"start":{"line":12,"column":6},"end":{"line":16,"column":7}},"type":"if","locations":[{"start":{"line":12,"column":6},"end":{"line":16,"column":7}},{"start":{"line":12,"column":6},"end":{"line":16,"column":7}}],"line":12},"1":{"loc":{"start":{"line":12,"column":10},"end":{"line":12,"column":30}},"type":"binary-expr","locations":[{"start":{"line":12,"column":10},"end":{"line":12,"column":17}},{"start":{"line":12,"column":21},"end":{"line":12,"column":30}}],"line":12},"2":{"loc":{"start":{"line":25,"column":6},"end":{"line":28,"column":7}},"type":"if","locations":[{"start":{"line":25,"column":6},"end":{"line":28,"column":7}},{"start":{"line":25,"column":6},"end":{"line":28,"column":7}}],"line":25},"3":{"loc":{"start":{"line":25,"column":10},"end":{"line":25,"column":30}},"type":"binary-expr","locations":[{"start":{"line":25,"column":10},"end":{"line":25,"column":17}},{"start":{"line":25,"column":21},"end":{"line":25,"column":30}}],"line":25},"4":{"loc":{"start":{"line":26,"column":27},"end":{"line":26,"column":54}},"type":"binary-expr","locations":[{"start":{"line":26,"column":27},"end":{"line":26,"column":39}},{"start":{"line":26,"column":43},"end":{"line":26,"column":48}},{"start":{"line":26,"column":52},"end":{"line":26,"column":54}}],"line":26}},"s":{"0":0,"1":0,"2":0,"3":0,"4":0,"5":0,"6":0,"7":0,"8":0,"9":0,"10":0,"11":0},"f":{"0":0,"1":0,"2":0,"3":0,"4":0},"b":{"0":[0,0],"1":[0,0],"2":[0,0],"3":[0,0],"4":[0,0,0]},"_coverageSchema":"1a1c01bbd47fc00a2c39e90264f33305004495a9","hash":"3d2383490558a798164b893d83eb988861a3c814"}
,"/Users/romanshprenger/Documents/Yengo/UIKit/src/hocs/withEmptyState.js": {"path":"/Users/romanshprenger/Documents/Yengo/UIKit/src/hocs/withEmptyState.js","statementMap":{"0":{"start":{"line":5,"column":30},"end":{"line":41,"column":12}},"1":{"start":{"line":9,"column":25},"end":{"line":17,"column":5}},"2":{"start":{"line":10,"column":27},"end":{"line":10,"column":32}},"3":{"start":{"line":12,"column":6},"end":{"line":14,"column":7}},"4":{"start":{"line":13,"column":8},"end":{"line":13,"column":43}},"5":{"start":{"line":16,"column":6},"end":{"line":16,"column":45}},"6":{"start":{"line":21,"column":48},"end":{"line":21,"column":58}},"7":{"start":{"line":22,"column":6},"end":{"line":25,"column":7}},"8":{"start":{"line":23,"column":20},"end":{"line":23,"column":64}},"9":{"start":{"line":24,"column":8},"end":{"line":24,"column":43}},"10":{"start":{"line":27,"column":6},"end":{"line":30,"column":7}},"11":{"start":{"line":28,"column":20},"end":{"line":28,"column":50}},"12":{"start":{"line":29,"column":8},"end":{"line":29,"column":43}},"13":{"start":{"line":33,"column":48},"end":{"line":33,"column":58}},"14":{"start":{"line":35,"column":16},"end":{"line":35,"column":60}},"15":{"start":{"line":36,"column":6},"end":{"line":36,"column":52}},"16":{"start":{"line":37,"column":6},"end":{"line":37,"column":41}}},"fnMap":{"0":{"name":"(anonymous_0)","decl":{"start":{"line":5,"column":15},"end":{"line":5,"column":16}},"loc":{"start":{"line":5,"column":30},"end":{"line":41,"column":12}},"line":5},"1":{"name":"(anonymous_1)","decl":{"start":{"line":9,"column":14},"end":{"line":9,"column":15}},"loc":{"start":{"line":9,"column":25},"end":{"line":17,"column":5}},"line":9},"2":{"name":"(anonymous_2)","decl":{"start":{"line":9,"column":25},"end":{"line":9,"column":26}},"loc":{"start":{"line":9,"column":46},"end":{"line":17,"column":5}},"line":9},"3":{"name":"(anonymous_3)","decl":{"start":{"line":20,"column":4},"end":{"line":20,"column":5}},"loc":{"start":{"line":20,"column":34},"end":{"line":31,"column":5}},"line":20},"4":{"name":"(anonymous_4)","decl":{"start":{"line":32,"column":4},"end":{"line":32,"column":5}},"loc":{"start":{"line":32,"column":24},"end":{"line":38,"column":5}},"line":32}},"branchMap":{"0":{"loc":{"start":{"line":12,"column":6},"end":{"line":14,"column":7}},"type":"if","locations":[{"start":{"line":12,"column":6},"end":{"line":14,"column":7}},{"start":{"line":12,"column":6},"end":{"line":14,"column":7}}],"line":12},"1":{"loc":{"start":{"line":22,"column":6},"end":{"line":25,"column":7}},"type":"if","locations":[{"start":{"line":22,"column":6},"end":{"line":25,"column":7}},{"start":{"line":22,"column":6},"end":{"line":25,"column":7}}],"line":22},"2":{"loc":{"start":{"line":23,"column":20},"end":{"line":23,"column":64}},"type":"binary-expr","locations":[{"start":{"line":23,"column":20},"end":{"line":23,"column":40}},{"start":{"line":23,"column":44},"end":{"line":23,"column":64}}],"line":23},"3":{"loc":{"start":{"line":24,"column":17},"end":{"line":24,"column":41}},"type":"cond-expr","locations":[{"start":{"line":24,"column":23},"end":{"line":24,"column":34}},{"start":{"line":24,"column":37},"end":{"line":24,"column":41}}],"line":24},"4":{"loc":{"start":{"line":27,"column":6},"end":{"line":30,"column":7}},"type":"if","locations":[{"start":{"line":27,"column":6},"end":{"line":30,"column":7}},{"start":{"line":27,"column":6},"end":{"line":30,"column":7}}],"line":27},"5":{"loc":{"start":{"line":28,"column":20},"end":{"line":28,"column":50}},"type":"binary-expr","locations":[{"start":{"line":28,"column":20},"end":{"line":28,"column":33}},{"start":{"line":28,"column":37},"end":{"line":28,"column":50}}],"line":28},"6":{"loc":{"start":{"line":29,"column":17},"end":{"line":29,"column":41}},"type":"cond-expr","locations":[{"start":{"line":29,"column":23},"end":{"line":29,"column":34}},{"start":{"line":29,"column":37},"end":{"line":29,"column":41}}],"line":29},"7":{"loc":{"start":{"line":35,"column":16},"end":{"line":35,"column":60}},"type":"binary-expr","locations":[{"start":{"line":35,"column":16},"end":{"line":35,"column":36}},{"start":{"line":35,"column":40},"end":{"line":35,"column":60}}],"line":35},"8":{"loc":{"start":{"line":36,"column":12},"end":{"line":36,"column":51}},"type":"binary-expr","locations":[{"start":{"line":36,"column":12},"end":{"line":36,"column":15}},{"start":{"line":36,"column":20},"end":{"line":36,"column":33}},{"start":{"line":36,"column":37},"end":{"line":36,"column":50}}],"line":36},"9":{"loc":{"start":{"line":37,"column":15},"end":{"line":37,"column":39}},"type":"cond-expr","locations":[{"start":{"line":37,"column":21},"end":{"line":37,"column":32}},{"start":{"line":37,"column":35},"end":{"line":37,"column":39}}],"line":37}},"s":{"0":0,"1":0,"2":0,"3":0,"4":0,"5":0,"6":0,"7":0,"8":0,"9":0,"10":0,"11":0,"12":0,"13":0,"14":0,"15":0,"16":0},"f":{"0":0,"1":0,"2":0,"3":0,"4":0},"b":{"0":[0,0],"1":[0,0],"2":[0,0],"3":[0,0],"4":[0,0],"5":[0,0],"6":[0,0],"7":[0,0],"8":[0,0,0],"9":[0,0]},"_coverageSchema":"1a1c01bbd47fc00a2c39e90264f33305004495a9","hash":"6080799db289e6eacfa7e78d24fac068a5627cd3"}
,"/Users/romanshprenger/Documents/Yengo/UIKit/src/hocs/withFocusedState.js": {"path":"/Users/romanshprenger/Documents/Yengo/UIKit/src/hocs/withFocusedState.js","statementMap":{"0":{"start":{"line":5,"column":30},"end":{"line":54,"column":12}},"1":{"start":{"line":9,"column":24},"end":{"line":27,"column":5}},"2":{"start":{"line":10,"column":50},"end":{"line":10,"column":55}},"3":{"start":{"line":12,"column":6},"end":{"line":14,"column":7}},"4":{"start":{"line":13,"column":8},"end":{"line":13,"column":21}},"5":{"start":{"line":16,"column":6},"end":{"line":22,"column":7}},"6":{"start":{"line":17,"column":22},"end":{"line":17,"column":47}},"7":{"start":{"line":20,"column":8},"end":{"line":20,"column":53}},"8":{"start":{"line":21,"column":8},"end":{"line":21,"column":51}},"9":{"start":{"line":24,"column":6},"end":{"line":24,"column":23}},"10":{"start":{"line":26,"column":6},"end":{"line":26,"column":30}},"11":{"start":{"line":28,"column":23},"end":{"line":37,"column":5}},"12":{"start":{"line":29,"column":47},"end":{"line":29,"column":52}},"13":{"start":{"line":31,"column":6},"end":{"line":33,"column":7}},"14":{"start":{"line":32,"column":8},"end":{"line":32,"column":21}},"15":{"start":{"line":35,"column":6},"end":{"line":35,"column":24}},"16":{"start":{"line":36,"column":6},"end":{"line":36,"column":23}},"17":{"start":{"line":41,"column":48},"end":{"line":41,"column":58}},"18":{"start":{"line":43,"column":6},"end":{"line":45,"column":7}},"19":{"start":{"line":44,"column":8},"end":{"line":44,"column":26}},"20":{"start":{"line":48,"column":40},"end":{"line":48,"column":50}},"21":{"start":{"line":50,"column":6},"end":{"line":50,"column":28}}},"fnMap":{"0":{"name":"(anonymous_0)","decl":{"start":{"line":5,"column":15},"end":{"line":5,"column":16}},"loc":{"start":{"line":5,"column":30},"end":{"line":54,"column":12}},"line":5},"1":{"name":"(anonymous_1)","decl":{"start":{"line":9,"column":13},"end":{"line":9,"column":14}},"loc":{"start":{"line":9,"column":24},"end":{"line":27,"column":5}},"line":9},"2":{"name":"(anonymous_2)","decl":{"start":{"line":9,"column":24},"end":{"line":9,"column":25}},"loc":{"start":{"line":9,"column":31},"end":{"line":27,"column":5}},"line":9},"3":{"name":"(anonymous_3)","decl":{"start":{"line":28,"column":12},"end":{"line":28,"column":13}},"loc":{"start":{"line":28,"column":23},"end":{"line":37,"column":5}},"line":28},"4":{"name":"(anonymous_4)","decl":{"start":{"line":28,"column":23},"end":{"line":28,"column":24}},"loc":{"start":{"line":28,"column":30},"end":{"line":37,"column":5}},"line":28},"5":{"name":"(anonymous_5)","decl":{"start":{"line":40,"column":4},"end":{"line":40,"column":5}},"loc":{"start":{"line":40,"column":25},"end":{"line":46,"column":5}},"line":40},"6":{"name":"(anonymous_6)","decl":{"start":{"line":47,"column":4},"end":{"line":47,"column":5}},"loc":{"start":{"line":47,"column":24},"end":{"line":51,"column":5}},"line":47}},"branchMap":{"0":{"loc":{"start":{"line":12,"column":6},"end":{"line":14,"column":7}},"type":"if","locations":[{"start":{"line":12,"column":6},"end":{"line":14,"column":7}},{"start":{"line":12,"column":6},"end":{"line":14,"column":7}}],"line":12},"1":{"loc":{"start":{"line":16,"column":6},"end":{"line":22,"column":7}},"type":"if","locations":[{"start":{"line":16,"column":6},"end":{"line":22,"column":7}},{"start":{"line":16,"column":6},"end":{"line":22,"column":7}}],"line":16},"2":{"loc":{"start":{"line":16,"column":10},"end":{"line":16,"column":37}},"type":"binary-expr","locations":[{"start":{"line":16,"column":10},"end":{"line":16,"column":19}},{"start":{"line":16,"column":23},"end":{"line":16,"column":37}}],"line":16},"3":{"loc":{"start":{"line":31,"column":6},"end":{"line":33,"column":7}},"type":"if","locations":[{"start":{"line":31,"column":6},"end":{"line":33,"column":7}},{"start":{"line":31,"column":6},"end":{"line":33,"column":7}}],"line":31},"4":{"loc":{"start":{"line":43,"column":6},"end":{"line":45,"column":7}},"type":"if","locations":[{"start":{"line":43,"column":6},"end":{"line":45,"column":7}},{"start":{"line":43,"column":6},"end":{"line":45,"column":7}}],"line":43},"5":{"loc":{"start":{"line":43,"column":10},"end":{"line":43,"column":29}},"type":"binary-expr","locations":[{"start":{"line":43,"column":10},"end":{"line":43,"column":18}},{"start":{"line":43,"column":22},"end":{"line":43,"column":29}}],"line":43}},"s":{"0":2,"1":6,"2":6,"3":6,"4":2,"5":4,"6":0,"7":0,"8":0,"9":4,"10":4,"11":0,"12":0,"13":0,"14":0,"15":0,"16":0,"17":34,"18":34,"19":0,"20":30,"21":30},"f":{"0":2,"1":6,"2":6,"3":0,"4":0,"5":34,"6":30},"b":{"0":[2,4],"1":[0,4],"2":[4,0],"3":[0,0],"4":[0,34],"5":[34,5]},"_coverageSchema":"1a1c01bbd47fc00a2c39e90264f33305004495a9","hash":"9151330a192276a261e1f54d5d86b1c0af82fd34"}
,"/Users/romanshprenger/Documents/Yengo/UIKit/src/hocs/withReduxFormProps.js": {"path":"/Users/romanshprenger/Documents/Yengo/UIKit/src/hocs/withReduxFormProps.js","statementMap":{"0":{"start":{"line":4,"column":30},"end":{"line":18,"column":12}},"1":{"start":{"line":6,"column":15},"end":{"line":16,"column":12}},"2":{"start":{"line":9,"column":50},"end":{"line":9,"column":55}},"3":{"start":{"line":10,"column":8},"end":{"line":10,"column":104}},"4":{"start":{"line":13,"column":23},"end":{"line":13,"column":57}}},"fnMap":{"0":{"name":"(anonymous_0)","decl":{"start":{"line":4,"column":15},"end":{"line":4,"column":16}},"loc":{"start":{"line":4,"column":30},"end":{"line":18,"column":12}},"line":4},"1":{"name":"(anonymous_1)","decl":{"start":{"line":6,"column":4},"end":{"line":6,"column":5}},"loc":{"start":{"line":6,"column":15},"end":{"line":16,"column":12}},"line":6},"2":{"name":"(anonymous_2)","decl":{"start":{"line":8,"column":6},"end":{"line":8,"column":7}},"loc":{"start":{"line":8,"column":20},"end":{"line":11,"column":7}},"line":8},"3":{"name":"(anonymous_3)","decl":{"start":{"line":13,"column":8},"end":{"line":13,"column":9}},"loc":{"start":{"line":13,"column":23},"end":{"line":13,"column":57}},"line":13}},"branchMap":{"0":{"loc":{"start":{"line":9,"column":22},"end":{"line":9,"column":45}},"type":"default-arg","locations":[{"start":{"line":9,"column":43},"end":{"line":9,"column":45}}],"line":9},"1":{"loc":{"start":{"line":10,"column":15},"end":{"line":10,"column":103}},"type":"cond-expr","locations":[{"start":{"line":10,"column":36},"end":{"line":10,"column":44}},{"start":{"line":10,"column":47},"end":{"line":10,"column":103}}],"line":10},"2":{"loc":{"start":{"line":10,"column":15},"end":{"line":10,"column":33}},"type":"binary-expr","locations":[{"start":{"line":10,"column":15},"end":{"line":10,"column":21}},{"start":{"line":10,"column":25},"end":{"line":10,"column":33}}],"line":10},"3":{"loc":{"start":{"line":10,"column":70},"end":{"line":10,"column":86}},"type":"binary-expr","locations":[{"start":{"line":10,"column":70},"end":{"line":10,"column":75}},{"start":{"line":10,"column":79},"end":{"line":10,"column":86}}],"line":10}},"s":{"0":0,"1":0,"2":0,"3":0,"4":0},"f":{"0":0,"1":0,"2":0,"3":0},"b":{"0":[0],"1":[0,0],"2":[0,0],"3":[0,0]},"_coverageSchema":"1a1c01bbd47fc00a2c39e90264f33305004495a9","hash":"82599874b1ba77222471d5c2c5527081b54d6653"}
,"/Users/romanshprenger/Documents/Yengo/UIKit/src/utils/index.js": {"path":"/Users/romanshprenger/Documents/Yengo/UIKit/src/utils/index.js","statementMap":{},"fnMap":{},"branchMap":{},"s":{},"f":{},"b":{},"_coverageSchema":"1a1c01bbd47fc00a2c39e90264f33305004495a9","hash":"fcb84482bb041d3488d5dbe556530f13998e78d2"}
,"/Users/romanshprenger/Documents/Yengo/UIKit/src/utils/styles.js": {"path":"/Users/romanshprenger/Documents/Yengo/UIKit/src/utils/styles.js","statementMap":{"0":{"start":{"line":1,"column":29},"end":{"line":6,"column":1}},"1":{"start":{"line":2,"column":16},"end":{"line":2,"column":51}},"2":{"start":{"line":3,"column":21},"end":{"line":3,"column":49}},"3":{"start":{"line":5,"column":2},"end":{"line":5,"column":28}}},"fnMap":{"0":{"name":"(anonymous_0)","decl":{"start":{"line":1,"column":29},"end":{"line":1,"column":30}},"loc":{"start":{"line":1,"column":53},"end":{"line":6,"column":1}},"line":1}},"branchMap":{"0":{"loc":{"start":{"line":1,"column":36},"end":{"line":1,"column":48}},"type":"default-arg","locations":[{"start":{"line":1,"column":42},"end":{"line":1,"column":48}}],"line":1},"1":{"loc":{"start":{"line":2,"column":16},"end":{"line":2,"column":51}},"type":"binary-expr","locations":[{"start":{"line":2,"column":16},"end":{"line":2,"column":39}},{"start":{"line":2,"column":43},"end":{"line":2,"column":51}}],"line":2}},"s":{"0":2,"1":2,"2":2,"3":2},"f":{"0":2},"b":{"0":[2],"1":[2,2]},"_coverageSchema":"1a1c01bbd47fc00a2c39e90264f33305004495a9","hash":"b59fd69dff4adf1d9ba4d1351d22eff0f784c5b8"}
}
