TN:
SF:/Users/romanshprenger/Documents/Yengo/UIKit/src/components/Button/Button.js
FN:54,(anonymous_0)
FN:64,(anonymous_1)
FN:76,(anonymous_2)
FN:88,(anonymous_3)
FN:98,(anonymous_4)
FN:104,(anonymous_5)
FN:116,(anonymous_6)
FN:126,(anonymous_7)
FN:128,(anonymous_8)
FNF:9
FNH:4
FNDA:70,(anonymous_0)
FNDA:4,(anonymous_1)
FNDA:0,(anonymous_2)
FNDA:2,(anonymous_3)
FNDA:0,(anonymous_4)
FNDA:0,(anonymous_5)
FNDA:0,(anonymous_6)
FNDA:0,(anonymous_7)
FNDA:40,(anonymous_8)
DA:8,2
DA:11,2
DA:30,2
DA:49,30
DA:55,70
DA:57,70
DA:58,10
DA:61,60
DA:64,30
DA:65,4
DA:67,4
DA:68,0
DA:71,4
DA:73,4
DA:76,30
DA:77,0
DA:79,0
DA:80,0
DA:83,0
DA:85,0
DA:88,30
DA:89,2
DA:91,2
DA:92,0
DA:95,2
DA:97,2
DA:98,2
DA:101,2
DA:104,30
DA:105,0
DA:107,0
DA:108,0
DA:111,0
DA:113,0
DA:116,30
DA:117,0
DA:119,0
DA:120,0
DA:123,0
DA:126,30
DA:129,40
DA:143,40
DA:145,40
DA:160,40
LF:44
LH:28
BRDA:57,0,0,10
BRDA:57,0,1,60
BRDA:67,1,0,0
BRDA:67,1,1,4
BRDA:79,2,0,0
BRDA:79,2,1,0
BRDA:91,3,0,0
BRDA:91,3,1,2
BRDA:97,4,0,2
BRDA:97,4,1,0
BRDA:98,5,0,0
BRDA:98,5,1,0
BRDA:107,6,0,0
BRDA:107,6,1,0
BRDA:119,7,0,0
BRDA:119,7,1,0
BRDA:153,8,0,40
BRDA:153,8,1,4
BRDA:154,9,0,40
BRDA:154,9,1,4
BRDA:169,10,0,40
BRDA:169,10,1,0
BRF:22
BRH:10
end_of_record
TN:
SF:/Users/romanshprenger/Documents/Yengo/UIKit/src/hocs/index.js
FNF:0
FNH:0
LF:0
LH:0
BRF:0
BRH:0
end_of_record
TN:
SF:/Users/romanshprenger/Documents/Yengo/UIKit/src/hocs/withCheckedState.js
FN:5,(anonymous_0)
FN:9,(anonymous_1)
FN:9,(anonymous_2)
FN:20,(anonymous_3)
FN:27,(anonymous_4)
FNF:5
FNH:0
FNDA:0,(anonymous_0)
FNDA:0,(anonymous_1)
FNDA:0,(anonymous_2)
FNDA:0,(anonymous_3)
FNDA:0,(anonymous_4)
DA:5,0
DA:9,0
DA:10,0
DA:12,0
DA:13,0
DA:16,0
DA:21,0
DA:23,0
DA:24,0
DA:28,0
DA:30,0
LF:11
LH:0
BRDA:12,0,0,0
BRDA:12,0,1,0
BRDA:23,1,0,0
BRDA:23,1,1,0
BRDA:30,2,0,0
BRDA:30,2,1,0
BRF:6
BRH:0
end_of_record
TN:
SF:/Users/romanshprenger/Documents/Yengo/UIKit/src/hocs/withCounter.js
FN:5,(anonymous_0)
FN:7,(anonymous_1)
FN:9,(anonymous_2)
FN:9,(anonymous_3)
FN:22,(anonymous_4)
FNF:5
FNH:0
FNDA:0,(anonymous_0)
FNDA:0,(anonymous_1)
FNDA:0,(anonymous_2)
FNDA:0,(anonymous_3)
FNDA:0,(anonymous_4)
DA:5,0
DA:7,0
DA:9,0
DA:10,0
DA:12,0
DA:13,0
DA:15,0
DA:18,0
DA:23,0
DA:25,0
DA:26,0
DA:27,0
LF:12
LH:0
BRDA:12,0,0,0
BRDA:12,0,1,0
BRDA:12,1,0,0
BRDA:12,1,1,0
BRDA:25,2,0,0
BRDA:25,2,1,0
BRDA:25,3,0,0
BRDA:25,3,1,0
BRDA:26,4,0,0
BRDA:26,4,1,0
BRDA:26,4,2,0
BRF:11
BRH:0
end_of_record
TN:
SF:/Users/romanshprenger/Documents/Yengo/UIKit/src/hocs/withEmptyState.js
FN:5,(anonymous_0)
FN:9,(anonymous_1)
FN:9,(anonymous_2)
FN:20,(anonymous_3)
FN:32,(anonymous_4)
FNF:5
FNH:0
FNDA:0,(anonymous_0)
FNDA:0,(anonymous_1)
FNDA:0,(anonymous_2)
FNDA:0,(anonymous_3)
FNDA:0,(anonymous_4)
DA:5,0
DA:9,0
DA:10,0
DA:12,0
DA:13,0
DA:16,0
DA:21,0
DA:22,0
DA:23,0
DA:24,0
DA:27,0
DA:28,0
DA:29,0
DA:33,0
DA:35,0
DA:36,0
DA:37,0
LF:17
LH:0
BRDA:12,0,0,0
BRDA:12,0,1,0
BRDA:22,1,0,0
BRDA:22,1,1,0
BRDA:23,2,0,0
BRDA:23,2,1,0
BRDA:24,3,0,0
BRDA:24,3,1,0
BRDA:27,4,0,0
BRDA:27,4,1,0
BRDA:28,5,0,0
BRDA:28,5,1,0
BRDA:29,6,0,0
BRDA:29,6,1,0
BRDA:35,7,0,0
BRDA:35,7,1,0
BRDA:36,8,0,0
BRDA:36,8,1,0
BRDA:36,8,2,0
BRDA:37,9,0,0
BRDA:37,9,1,0
BRF:21
BRH:0
end_of_record
TN:
SF:/Users/romanshprenger/Documents/Yengo/UIKit/src/hocs/withFocusedState.js
FN:5,(anonymous_0)
FN:9,(anonymous_1)
FN:9,(anonymous_2)
FN:28,(anonymous_3)
FN:28,(anonymous_4)
FN:40,(anonymous_5)
FN:47,(anonymous_6)
FNF:7
FNH:5
FNDA:2,(anonymous_0)
FNDA:6,(anonymous_1)
FNDA:6,(anonymous_2)
FNDA:0,(anonymous_3)
FNDA:0,(anonymous_4)
FNDA:34,(anonymous_5)
FNDA:30,(anonymous_6)
DA:5,2
DA:9,6
DA:10,6
DA:12,6
DA:13,2
DA:16,4
DA:17,0
DA:20,0
DA:21,0
DA:24,4
DA:26,4
DA:28,0
DA:29,0
DA:31,0
DA:32,0
DA:35,0
DA:36,0
DA:41,34
DA:43,34
DA:44,0
DA:48,30
DA:50,30
LF:22
LH:12
BRDA:12,0,0,2
BRDA:12,0,1,4
BRDA:16,1,0,0
BRDA:16,1,1,4
BRDA:16,2,0,4
BRDA:16,2,1,0
BRDA:31,3,0,0
BRDA:31,3,1,0
BRDA:43,4,0,0
BRDA:43,4,1,34
BRDA:43,5,0,34
BRDA:43,5,1,5
BRF:12
BRH:7
end_of_record
TN:
SF:/Users/romanshprenger/Documents/Yengo/UIKit/src/hocs/withReduxFormProps.js
FN:4,(anonymous_0)
FN:6,(anonymous_1)
FN:8,(anonymous_2)
FN:13,(anonymous_3)
FNF:4
FNH:0
FNDA:0,(anonymous_0)
FNDA:0,(anonymous_1)
FNDA:0,(anonymous_2)
FNDA:0,(anonymous_3)
DA:4,0
DA:6,0
DA:9,0
DA:10,0
DA:13,0
LF:5
LH:0
BRDA:9,0,0,0
BRDA:10,1,0,0
BRDA:10,1,1,0
BRDA:10,2,0,0
BRDA:10,2,1,0
BRDA:10,3,0,0
BRDA:10,3,1,0
BRF:7
BRH:0
end_of_record
TN:
SF:/Users/romanshprenger/Documents/Yengo/UIKit/src/utils/index.js
FNF:0
FNH:0
LF:0
LH:0
BRF:0
BRH:0
end_of_record
TN:
SF:/Users/romanshprenger/Documents/Yengo/UIKit/src/utils/styles.js
FN:1,(anonymous_0)
FNF:1
FNH:1
FNDA:2,(anonymous_0)
DA:1,2
DA:2,2
DA:3,2
DA:5,2
LF:4
LH:4
BRDA:1,0,0,2
BRDA:2,1,0,2
BRDA:2,1,1,2
BRF:3
BRH:3
end_of_record
